build/app/intermediates/manifest_merge_blame_file/release/manifest-merger-blame-release-report.txt
1<?xml version="1.0" encoding="utf-8"?>
2<manifest xmlns:android="http://schemas.android.com/apk/res/android"
3    package="com.morungaba.usuario"
4    android:versionCode="32"
5    android:versionName="1.5.3" >
6
7    <uses-sdk
8        android:minSdkVersion="23"
8-->src\main\AndroidManifest.xml
9        android:targetSdkVersion="30" />
9-->src\main\AndroidManifest.xml
10    <!--
11         io.flutter.app.FlutterApplication is an android.app.Application that
12         calls FlutterMain.startInitialization(this); in its onCreate method.
13         In most cases you can leave this as-is, but you if you want to provide
14         additional functionality it is fine to subclass or reimplement
15         additional functionality it is fine to subclass or reimplement FlutterApplication and put your custom class here.
16    -->
17    <uses-permission android:name="android.permission.QUERY_ALL_PACKAGES" />
17-->src\main\AndroidManifest.xml:9:5-76
17-->src\main\AndroidManifest.xml:9:22-74
18    <uses-permission android:name="android.permission.INTERNET" />
18-->[:firebase_messaging] AndroidManifest.xml:7:5-67
18-->[:firebase_messaging] AndroidManifest.xml:7:22-64
19    <uses-permission android:name="android.permission.WAKE_LOCK" />
19-->[:firebase_messaging] AndroidManifest.xml:8:5-68
19-->[:firebase_messaging] AndroidManifest.xml:8:22-65
20    <uses-permission android:name="android.permission.ACCESS_NETWORK_STATE" />
20-->[:firebase_messaging] AndroidManifest.xml:9:5-79
20-->[:firebase_messaging] AndroidManifest.xml:9:22-76
21    <uses-permission android:name="android.permission.FOREGROUND_SERVICE" />
21-->[:geolocator_android] AndroidManifest.xml:7:5-77
21-->[:geolocator_android] AndroidManifest.xml:7:22-74
22
23    <queries>
23-->[:flutter_inappwebview] AndroidManifest.xml:7:5-11:15
24        <intent>
24-->[:flutter_inappwebview] AndroidManifest.xml:8:9-10:18
25            <action android:name="android.support.customtabs.action.CustomTabsService" />
25-->[:flutter_inappwebview] AndroidManifest.xml:9:13-90
25-->[:flutter_inappwebview] AndroidManifest.xml:9:21-87
26        </intent>
27
28        <package android:name="com.google.android.apps.maps" />
28-->[:map_launcher] AndroidManifest.xml:8:9-64
28-->[:map_launcher] AndroidManifest.xml:8:18-61
29        <package android:name="com.google.android.apps.mapslite" />
29-->[:map_launcher] AndroidManifest.xml:9:9-68
29-->[:map_launcher] AndroidManifest.xml:9:18-65
30        <package android:name="com.autonavi.minimap" />
30-->[:map_launcher] AndroidManifest.xml:10:9-56
30-->[:map_launcher] AndroidManifest.xml:10:18-53
31        <package android:name="com.baidu.BaiduMap" />
31-->[:map_launcher] AndroidManifest.xml:11:9-54
31-->[:map_launcher] AndroidManifest.xml:11:18-51
32        <package android:name="com.waze" />
32-->[:map_launcher] AndroidManifest.xml:12:9-44
32-->[:map_launcher] AndroidManifest.xml:12:18-41
33        <package android:name="ru.yandex.yandexnavi" />
33-->[:map_launcher] AndroidManifest.xml:13:9-56
33-->[:map_launcher] AndroidManifest.xml:13:18-53
34        <package android:name="ru.yandex.yandexmaps" />
34-->[:map_launcher] AndroidManifest.xml:14:9-56
34-->[:map_launcher] AndroidManifest.xml:14:18-53
35        <package android:name="com.citymapper.app.release" />
35-->[:map_launcher] AndroidManifest.xml:15:9-62
35-->[:map_launcher] AndroidManifest.xml:15:18-59
36        <package android:name="com.mapswithme.maps.pro" />
36-->[:map_launcher] AndroidManifest.xml:16:9-59
36-->[:map_launcher] AndroidManifest.xml:16:18-56
37        <package android:name="net.osmand" />
37-->[:map_launcher] AndroidManifest.xml:17:9-46
37-->[:map_launcher] AndroidManifest.xml:17:18-43
38        <package android:name="ru.dublgis.dgismobile" />
38-->[:map_launcher] AndroidManifest.xml:18:9-57
38-->[:map_launcher] AndroidManifest.xml:18:18-54
39        <package android:name="com.tencent.map" />
39-->[:map_launcher] AndroidManifest.xml:19:9-51
39-->[:map_launcher] AndroidManifest.xml:19:18-48
40    </queries>
41
42    <uses-permission android:name="android.permission.READ_EXTERNAL_STORAGE" />
42-->[:photo_manager] AndroidManifest.xml:7:5-80
42-->[:photo_manager] AndroidManifest.xml:7:22-77
43    <uses-permission android:name="android.permission.RECEIVE_BOOT_COMPLETED" />
43-->[:awesome_notifications] AndroidManifest.xml:7:5-81
43-->[:awesome_notifications] AndroidManifest.xml:7:22-78
44    <uses-permission android:name="android.permission.VIBRATE" />
44-->[:awesome_notifications] AndroidManifest.xml:8:5-66
44-->[:awesome_notifications] AndroidManifest.xml:8:22-63
45    <uses-permission android:name="android.permission.ACCESS_COARSE_LOCATION" />
45-->[:location] AndroidManifest.xml:7:5-81
45-->[:location] AndroidManifest.xml:7:22-78
46    <uses-permission android:name="android.permission.ACCESS_FINE_LOCATION" /> <!-- Required by older versions of Google Play services to create IID tokens -->
46-->[:location] AndroidManifest.xml:8:5-79
46-->[:location] AndroidManifest.xml:8:22-76
47    <uses-permission android:name="com.google.android.c2dm.permission.RECEIVE" />
47-->[com.google.firebase:firebase-messaging:23.0.0] AndroidManifest.xml:25:5-82
47-->[com.google.firebase:firebase-messaging:23.0.0] AndroidManifest.xml:25:22-79
48
49    <uses-feature
49-->[com.google.android.gms:play-services-maps:17.0.0] AndroidManifest.xml:26:5-28:35
50        android:glEsVersion="0x00020000"
50-->[com.google.android.gms:play-services-maps:17.0.0] AndroidManifest.xml:27:9-41
51        android:required="true" />
51-->[com.google.android.gms:play-services-maps:17.0.0] AndroidManifest.xml:28:9-32
52
53    <uses-permission android:name="android.permission.CAMERA" /> <!-- Don't require camera, as this requires a rear camera. This allows it to work on the Nexus 7 -->
53-->[com.journeyapps:zxing-android-embedded:4.1.0] AndroidManifest.xml:22:5-65
53-->[com.journeyapps:zxing-android-embedded:4.1.0] AndroidManifest.xml:22:22-62
54    <uses-feature
54-->[com.journeyapps:zxing-android-embedded:4.1.0] AndroidManifest.xml:25:5-27:36
55        android:name="android.hardware.camera"
55-->[com.journeyapps:zxing-android-embedded:4.1.0] AndroidManifest.xml:26:9-47
56        android:required="false" />
56-->[com.journeyapps:zxing-android-embedded:4.1.0] AndroidManifest.xml:27:9-33
57    <uses-feature
57-->[com.journeyapps:zxing-android-embedded:4.1.0] AndroidManifest.xml:28:5-30:36
58        android:name="android.hardware.camera.front"
58-->[com.journeyapps:zxing-android-embedded:4.1.0] AndroidManifest.xml:29:9-53
59        android:required="false" /> <!-- TODO replace above two with next line after Android 4.2 -->
59-->[com.journeyapps:zxing-android-embedded:4.1.0] AndroidManifest.xml:30:9-33
60    <!-- <uses-feature android:name="android.hardware.camera.any"/> -->
61    <uses-feature
61-->[com.journeyapps:zxing-android-embedded:4.1.0] AndroidManifest.xml:33:5-35:36
62        android:name="android.hardware.camera.autofocus"
62-->[com.journeyapps:zxing-android-embedded:4.1.0] AndroidManifest.xml:34:9-57
63        android:required="false" />
63-->[com.journeyapps:zxing-android-embedded:4.1.0] AndroidManifest.xml:35:9-33
64    <uses-feature
64-->[com.journeyapps:zxing-android-embedded:4.1.0] AndroidManifest.xml:36:5-38:36
65        android:name="android.hardware.camera.flash"
65-->[com.journeyapps:zxing-android-embedded:4.1.0] AndroidManifest.xml:37:9-53
66        android:required="false" />
66-->[com.journeyapps:zxing-android-embedded:4.1.0] AndroidManifest.xml:38:9-33
67    <uses-feature
67-->[com.journeyapps:zxing-android-embedded:4.1.0] AndroidManifest.xml:39:5-41:36
68        android:name="android.hardware.screen.landscape"
68-->[com.journeyapps:zxing-android-embedded:4.1.0] AndroidManifest.xml:40:9-57
69        android:required="false" />
69-->[com.journeyapps:zxing-android-embedded:4.1.0] AndroidManifest.xml:41:9-33
70    <uses-feature
70-->[com.journeyapps:zxing-android-embedded:4.1.0] AndroidManifest.xml:42:5-44:36
71        android:name="android.hardware.wifi"
71-->[com.journeyapps:zxing-android-embedded:4.1.0] AndroidManifest.xml:43:9-45
72        android:required="false" /> <!-- for android -->
72-->[com.journeyapps:zxing-android-embedded:4.1.0] AndroidManifest.xml:44:9-33
73    <!-- <uses-permission android:name="com.android.launcher.permission.READ_SETTINGS"/> -->
74    <!-- <uses-permission android:name="com.android.launcher.permission.WRITE_SETTINGS"/> -->
75    <!-- <uses-permission android:name="com.android.launcher.permission.INSTALL_SHORTCUT" /> -->
76    <!-- <uses-permission android:name="com.android.launcher.permission.UNINSTALL_SHORTCUT" /> -->
77    <!-- for Samsung -->
78    <uses-permission android:name="com.sec.android.provider.badge.permission.READ" />
78-->[me.leolin:ShortcutBadger:1.1.22] AndroidManifest.xml:19:5-86
78-->[me.leolin:ShortcutBadger:1.1.22] AndroidManifest.xml:19:22-83
79    <uses-permission android:name="com.sec.android.provider.badge.permission.WRITE" /> <!-- for htc -->
79-->[me.leolin:ShortcutBadger:1.1.22] AndroidManifest.xml:20:5-87
79-->[me.leolin:ShortcutBadger:1.1.22] AndroidManifest.xml:20:22-84
80    <uses-permission android:name="com.htc.launcher.permission.READ_SETTINGS" />
80-->[me.leolin:ShortcutBadger:1.1.22] AndroidManifest.xml:23:5-81
80-->[me.leolin:ShortcutBadger:1.1.22] AndroidManifest.xml:23:22-78
81    <uses-permission android:name="com.htc.launcher.permission.UPDATE_SHORTCUT" /> <!-- for sony -->
81-->[me.leolin:ShortcutBadger:1.1.22] AndroidManifest.xml:24:5-83
81-->[me.leolin:ShortcutBadger:1.1.22] AndroidManifest.xml:24:22-80
82    <uses-permission android:name="com.sonyericsson.home.permission.BROADCAST_BADGE" />
82-->[me.leolin:ShortcutBadger:1.1.22] AndroidManifest.xml:27:5-88
82-->[me.leolin:ShortcutBadger:1.1.22] AndroidManifest.xml:27:22-85
83    <uses-permission android:name="com.sonymobile.home.permission.PROVIDER_INSERT_BADGE" /> <!-- for apex -->
83-->[me.leolin:ShortcutBadger:1.1.22] AndroidManifest.xml:28:5-92
83-->[me.leolin:ShortcutBadger:1.1.22] AndroidManifest.xml:28:22-89
84    <uses-permission android:name="com.anddoes.launcher.permission.UPDATE_COUNT" /> <!-- for solid -->
84-->[me.leolin:ShortcutBadger:1.1.22] AndroidManifest.xml:31:5-84
84-->[me.leolin:ShortcutBadger:1.1.22] AndroidManifest.xml:31:22-81
85    <uses-permission android:name="com.majeur.launcher.permission.UPDATE_BADGE" /> <!-- for huawei -->
85-->[me.leolin:ShortcutBadger:1.1.22] AndroidManifest.xml:34:5-83
85-->[me.leolin:ShortcutBadger:1.1.22] AndroidManifest.xml:34:22-80
86    <uses-permission android:name="com.huawei.android.launcher.permission.CHANGE_BADGE" />
86-->[me.leolin:ShortcutBadger:1.1.22] AndroidManifest.xml:37:5-91
86-->[me.leolin:ShortcutBadger:1.1.22] AndroidManifest.xml:37:22-88
87    <uses-permission android:name="com.huawei.android.launcher.permission.READ_SETTINGS" />
87-->[me.leolin:ShortcutBadger:1.1.22] AndroidManifest.xml:38:5-92
87-->[me.leolin:ShortcutBadger:1.1.22] AndroidManifest.xml:38:22-89
88    <uses-permission android:name="com.huawei.android.launcher.permission.WRITE_SETTINGS" /> <!-- for ZUK -->
88-->[me.leolin:ShortcutBadger:1.1.22] AndroidManifest.xml:39:5-93
88-->[me.leolin:ShortcutBadger:1.1.22] AndroidManifest.xml:39:22-90
89    <uses-permission android:name="android.permission.READ_APP_BADGE" /> <!-- for OPPO -->
89-->[me.leolin:ShortcutBadger:1.1.22] AndroidManifest.xml:42:5-73
89-->[me.leolin:ShortcutBadger:1.1.22] AndroidManifest.xml:42:22-70
90    <uses-permission android:name="com.oppo.launcher.permission.READ_SETTINGS" />
90-->[me.leolin:ShortcutBadger:1.1.22] AndroidManifest.xml:45:5-82
90-->[me.leolin:ShortcutBadger:1.1.22] AndroidManifest.xml:45:22-79
91    <uses-permission android:name="com.oppo.launcher.permission.WRITE_SETTINGS" /> <!-- for EvMe -->
91-->[me.leolin:ShortcutBadger:1.1.22] AndroidManifest.xml:46:5-83
91-->[me.leolin:ShortcutBadger:1.1.22] AndroidManifest.xml:46:22-80
92    <uses-permission android:name="me.everything.badger.permission.BADGE_COUNT_READ" />
92-->[me.leolin:ShortcutBadger:1.1.22] AndroidManifest.xml:49:5-88
92-->[me.leolin:ShortcutBadger:1.1.22] AndroidManifest.xml:49:22-85
93    <uses-permission android:name="me.everything.badger.permission.BADGE_COUNT_WRITE" />
93-->[me.leolin:ShortcutBadger:1.1.22] AndroidManifest.xml:50:5-89
93-->[me.leolin:ShortcutBadger:1.1.22] AndroidManifest.xml:50:22-86
94    <uses-permission android:name="com.google.android.finsky.permission.BIND_GET_INSTALL_REFERRER_SERVICE" />
94-->[com.android.installreferrer:installreferrer:1.0] AndroidManifest.xml:9:5-110
94-->[com.android.installreferrer:installreferrer:1.0] AndroidManifest.xml:9:22-107
95
96    <application
97        android:name="android.app.Application"
97-->src\main\AndroidManifest.xml:14:9-42
98        android:appComponentFactory="androidx.core.app.CoreComponentFactory"
98-->[androidx.core:core:1.7.0] AndroidManifest.xml:24:18-86
99        android:extractNativeLibs="false"
100        android:icon="@mipmap/launcher_icon"
100-->src\main\AndroidManifest.xml:18:9-45
101        android:label="Morungaba Tem Tudo"
101-->src\main\AndroidManifest.xml:15:9-43
102        android:requestLegacyExternalStorage="true"
102-->src\main\AndroidManifest.xml:17:9-52
103        android:supportsRtl="true"
103-->[com.facebook.android:facebook-login:12.1.0] AndroidManifest.xml:28:18-44
104        android:usesCleartextTraffic="true" >
104-->src\main\AndroidManifest.xml:16:9-44
105
106        <!-- Start facebook login related -->
107        <meta-data
107-->src\main\AndroidManifest.xml:22:9-107
108            android:name="com.facebook.sdk.ApplicationId"
108-->src\main\AndroidManifest.xml:22:20-65
109            android:value="@string/facebook_app_id" />
109-->src\main\AndroidManifest.xml:22:66-105
110
111        <activity
111-->src\main\AndroidManifest.xml:23:9-25:48
112            android:name="com.facebook.FacebookActivity"
112-->src\main\AndroidManifest.xml:23:19-63
113            android:configChanges="keyboard|keyboardHidden|screenLayout|screenSize|orientation"
113-->src\main\AndroidManifest.xml:24:13-96
114            android:label="@string/app_name"
114-->src\main\AndroidManifest.xml:25:13-45
115            android:theme="@style/com_facebook_activity_theme" />
115-->[com.facebook.android:facebook-common:12.1.0] AndroidManifest.xml:33:13-63
116        <activity
116-->src\main\AndroidManifest.xml:26:9-35:20
117            android:name="com.facebook.CustomTabActivity"
117-->src\main\AndroidManifest.xml:27:13-58
118            android:exported="true" >
118-->src\main\AndroidManifest.xml:28:13-36
119            <intent-filter>
119-->src\main\AndroidManifest.xml:29:13-34:29
120                <action android:name="android.intent.action.VIEW" />
120-->src\main\AndroidManifest.xml:30:17-69
120-->src\main\AndroidManifest.xml:30:25-66
121
122                <category android:name="android.intent.category.DEFAULT" />
122-->src\main\AndroidManifest.xml:31:17-76
122-->src\main\AndroidManifest.xml:31:27-73
123                <category android:name="android.intent.category.BROWSABLE" />
123-->src\main\AndroidManifest.xml:32:17-78
123-->src\main\AndroidManifest.xml:32:27-75
124
125                <data android:scheme="@string/fb_login_protocol_scheme" />
125-->src\main\AndroidManifest.xml:33:17-75
125-->src\main\AndroidManifest.xml:33:23-72
126            </intent-filter>
127            <intent-filter>
127-->[com.facebook.android:facebook-common:12.1.0] AndroidManifest.xml:39:13-48:29
128                <action android:name="android.intent.action.VIEW" />
128-->src\main\AndroidManifest.xml:30:17-69
128-->src\main\AndroidManifest.xml:30:25-66
129
130                <category android:name="android.intent.category.DEFAULT" />
130-->src\main\AndroidManifest.xml:31:17-76
130-->src\main\AndroidManifest.xml:31:27-73
131                <category android:name="android.intent.category.BROWSABLE" />
131-->src\main\AndroidManifest.xml:32:17-78
131-->src\main\AndroidManifest.xml:32:27-75
132
133                <data
133-->src\main\AndroidManifest.xml:33:17-75
134                    android:host="cct.com.morungaba.usuario"
135                    android:scheme="fbconnect" />
135-->src\main\AndroidManifest.xml:33:23-72
136            </intent-filter>
137        </activity>
138
139        <!-- end facebook login related -->
140
141        <activity
141-->src\main\AndroidManifest.xml:39:9-82:20
142            android:name="online.edentech.fuodz.MainActivity"
142-->src\main\AndroidManifest.xml:40:13-41
143            android:configChanges="orientation|keyboardHidden|keyboard|screenSize|smallestScreenSize|locale|layoutDirection|fontScale|screenLayout|density|uiMode"
143-->src\main\AndroidManifest.xml:43:13-163
144            android:hardwareAccelerated="true"
144-->src\main\AndroidManifest.xml:44:13-47
145            android:launchMode="singleTop"
145-->src\main\AndroidManifest.xml:41:13-43
146            android:theme="@style/LaunchTheme"
146-->src\main\AndroidManifest.xml:42:13-47
147            android:windowSoftInputMode="adjustResize" >
147-->src\main\AndroidManifest.xml:45:13-55
148
149            <!--
150                 Specifies an Android theme to apply to this Activity as soon as
151                 the Android process has started. This theme is visible to the user
152                 while the Flutter UI initializes. After that, this theme continues
153                 to determine the Window background behind the Flutter UI.
154            -->
155            <meta-data
155-->src\main\AndroidManifest.xml:50:13-53:17
156                android:name="io.flutter.embedding.android.NormalTheme"
156-->src\main\AndroidManifest.xml:51:15-70
157                android:resource="@style/NormalTheme" />
157-->src\main\AndroidManifest.xml:52:15-52
158            <!--
159                 Displays an Android View that continues showing the launch screen
160                 Drawable until Flutter paints its first frame, then this splash
161                 screen fades out. A splash screen is useful to avoid any visual
162                 gap between the end of Android's launch screen and the painting of
163                 Flutter's first frame.
164            -->
165            <meta-data
165-->src\main\AndroidManifest.xml:59:13-62:17
166                android:name="io.flutter.embedding.android.SplashScreenDrawable"
166-->src\main\AndroidManifest.xml:60:15-79
167                android:resource="@drawable/launch_background" />
167-->src\main\AndroidManifest.xml:61:15-61
168
169            <!-- Firebase notification -->
170            <meta-data
170-->src\main\AndroidManifest.xml:65:13-67:58
171                android:name="com.google.firebase.messaging.default_notification_channel_id"
171-->src\main\AndroidManifest.xml:66:17-93
172                android:value="high_importance_channel" />
172-->src\main\AndroidManifest.xml:67:17-56
173            <meta-data
173-->src\main\AndroidManifest.xml:69:13-71:64
174                android:name="com.google.firebase.messaging.default_notification_icon"
174-->src\main\AndroidManifest.xml:70:17-87
175                android:resource="@mipmap/notification_icon" />
175-->src\main\AndroidManifest.xml:71:17-61
176
177            <intent-filter>
177-->src\main\AndroidManifest.xml:73:13-76:29
178                <action android:name="android.intent.action.MAIN" />
178-->src\main\AndroidManifest.xml:74:17-68
178-->src\main\AndroidManifest.xml:74:25-66
179
180                <category android:name="android.intent.category.LAUNCHER" />
180-->src\main\AndroidManifest.xml:75:17-76
180-->src\main\AndroidManifest.xml:75:27-74
181            </intent-filter>
182            <intent-filter>
182-->src\main\AndroidManifest.xml:78:13-81:29
183                <action android:name="FLUTTER_NOTIFICATION_CLICK" />
183-->src\main\AndroidManifest.xml:79:17-69
183-->src\main\AndroidManifest.xml:79:25-66
184
185                <category android:name="android.intent.category.DEFAULT" />
185-->src\main\AndroidManifest.xml:31:17-76
185-->src\main\AndroidManifest.xml:31:27-73
186            </intent-filter>
187        </activity>
188        <!--
189             Don't delete the meta-data below.
190             This is used by the Flutter tool to generate GeneratedPluginRegistrant.java
191        -->
192        <meta-data
192-->src\main\AndroidManifest.xml:85:9-87:33
193            android:name="flutterEmbedding"
193-->src\main\AndroidManifest.xml:86:13-44
194            android:value="2" />
194-->src\main\AndroidManifest.xml:87:13-30
195        <meta-data
195-->src\main\AndroidManifest.xml:89:9-90:73
196            android:name="com.google.android.geo.API_KEY"
196-->src\main\AndroidManifest.xml:89:20-65
197            android:value="AIzaSyDnDczEoeUwf7bN5b_-223uvrecPVfzggE" />
197-->src\main\AndroidManifest.xml:90:16-71
198
199        <service
199-->[:firebase_messaging] AndroidManifest.xml:12:9-15:72
200            android:name="io.flutter.plugins.firebase.messaging.FlutterFirebaseMessagingBackgroundService"
200-->[:firebase_messaging] AndroidManifest.xml:13:13-107
201            android:exported="false"
201-->[:firebase_messaging] AndroidManifest.xml:14:13-37
202            android:permission="android.permission.BIND_JOB_SERVICE" />
202-->[:firebase_messaging] AndroidManifest.xml:15:13-69
203        <service
203-->[:firebase_messaging] AndroidManifest.xml:16:9-22:19
204            android:name="io.flutter.plugins.firebase.messaging.FlutterFirebaseMessagingService"
204-->[:firebase_messaging] AndroidManifest.xml:17:13-97
205            android:exported="false" >
205-->[:firebase_messaging] AndroidManifest.xml:18:13-37
206            <intent-filter>
206-->[:firebase_messaging] AndroidManifest.xml:19:13-21:29
207                <action android:name="com.google.firebase.MESSAGING_EVENT" />
207-->[:firebase_messaging] AndroidManifest.xml:20:17-78
207-->[:firebase_messaging] AndroidManifest.xml:20:25-75
208            </intent-filter>
209        </service>
210
211        <receiver
211-->[:firebase_messaging] AndroidManifest.xml:24:9-31:20
212            android:name="io.flutter.plugins.firebase.messaging.FlutterFirebaseMessagingReceiver"
212-->[:firebase_messaging] AndroidManifest.xml:25:13-98
213            android:exported="true"
213-->[:firebase_messaging] AndroidManifest.xml:26:13-36
214            android:permission="com.google.android.c2dm.permission.SEND" >
214-->[:firebase_messaging] AndroidManifest.xml:27:13-73
215            <intent-filter>
215-->[:firebase_messaging] AndroidManifest.xml:28:13-30:29
216                <action android:name="com.google.android.c2dm.intent.RECEIVE" />
216-->[:firebase_messaging] AndroidManifest.xml:29:17-81
216-->[:firebase_messaging] AndroidManifest.xml:29:25-78
217            </intent-filter>
218        </receiver>
219
220        <service
220-->[:firebase_messaging] AndroidManifest.xml:33:9-37:19
221            android:name="com.google.firebase.components.ComponentDiscoveryService"
221-->[:firebase_messaging] AndroidManifest.xml:33:18-89
222            android:directBootAware="true"
222-->[com.google.firebase:firebase-common:20.0.0] AndroidManifest.xml:35:13-43
223            android:exported="false" >
223-->[com.google.firebase:firebase-auth-ktx:21.0.1] AndroidManifest.xml:10:13-37
224            <meta-data
224-->[:firebase_messaging] AndroidManifest.xml:34:13-36:85
225                android:name="com.google.firebase.components:io.flutter.plugins.firebase.messaging.FlutterFirebaseAppRegistrar"
225-->[:firebase_messaging] AndroidManifest.xml:35:17-128
226                android:value="com.google.firebase.components.ComponentRegistrar" />
226-->[:firebase_messaging] AndroidManifest.xml:36:17-82
227            <meta-data
227-->[:firebase_crashlytics] AndroidManifest.xml:9:13-11:85
228                android:name="com.google.firebase.components:io.flutter.plugins.firebase.crashlytics.FlutterFirebaseAppRegistrar"
228-->[:firebase_crashlytics] AndroidManifest.xml:10:17-130
229                android:value="com.google.firebase.components.ComponentRegistrar" />
229-->[:firebase_crashlytics] AndroidManifest.xml:11:17-82
230            <meta-data
230-->[:cloud_firestore] AndroidManifest.xml:9:13-11:85
231                android:name="com.google.firebase.components:io.flutter.plugins.firebase.firestore.FlutterFirebaseFirestoreRegistrar"
231-->[:cloud_firestore] AndroidManifest.xml:10:17-134
232                android:value="com.google.firebase.components.ComponentRegistrar" />
232-->[:cloud_firestore] AndroidManifest.xml:11:17-82
233            <meta-data
233-->[:firebase_auth] AndroidManifest.xml:9:13-11:85
234                android:name="com.google.firebase.components:io.flutter.plugins.firebase.auth.FlutterFirebaseAuthRegistrar"
234-->[:firebase_auth] AndroidManifest.xml:10:17-124
235                android:value="com.google.firebase.components.ComponentRegistrar" />
235-->[:firebase_auth] AndroidManifest.xml:11:17-82
236            <meta-data
236-->[:firebase_storage] AndroidManifest.xml:9:13-11:85
237                android:name="com.google.firebase.components:io.flutter.plugins.firebase.storage.FlutterFirebaseAppRegistrar"
237-->[:firebase_storage] AndroidManifest.xml:10:17-126
238                android:value="com.google.firebase.components.ComponentRegistrar" />
238-->[:firebase_storage] AndroidManifest.xml:11:17-82
239            <meta-data
239-->[:firebase_core] AndroidManifest.xml:9:13-11:85
240                android:name="com.google.firebase.components:io.flutter.plugins.firebase.core.FlutterFirebaseCoreRegistrar"
240-->[:firebase_core] AndroidManifest.xml:10:17-124
241                android:value="com.google.firebase.components.ComponentRegistrar" />
241-->[:firebase_core] AndroidManifest.xml:11:17-82
242            <meta-data
242-->[com.google.firebase:firebase-auth-ktx:21.0.1] AndroidManifest.xml:11:13-13:85
243                android:name="com.google.firebase.components:com.google.firebase.auth.ktx.FirebaseAuthKtxRegistrar"
243-->[com.google.firebase:firebase-auth-ktx:21.0.1] AndroidManifest.xml:12:17-116
244                android:value="com.google.firebase.components.ComponentRegistrar" />
244-->[com.google.firebase:firebase-auth-ktx:21.0.1] AndroidManifest.xml:13:17-82
245            <meta-data
245-->[com.google.firebase:firebase-messaging-ktx:23.0.0] AndroidManifest.xml:29:13-31:85
246                android:name="com.google.firebase.components:com.google.firebase.messaging.ktx.FirebaseMessagingKtxRegistrar"
246-->[com.google.firebase:firebase-messaging-ktx:23.0.0] AndroidManifest.xml:30:17-126
247                android:value="com.google.firebase.components.ComponentRegistrar" />
247-->[com.google.firebase:firebase-messaging-ktx:23.0.0] AndroidManifest.xml:31:17-82
248            <meta-data
248-->[com.google.firebase:firebase-common-ktx:20.0.0] AndroidManifest.xml:15:13-17:85
249                android:name="com.google.firebase.components:com.google.firebase.ktx.FirebaseCommonKtxRegistrar"
249-->[com.google.firebase:firebase-common-ktx:20.0.0] AndroidManifest.xml:16:17-113
250                android:value="com.google.firebase.components.ComponentRegistrar" />
250-->[com.google.firebase:firebase-common-ktx:20.0.0] AndroidManifest.xml:17:17-82
251            <meta-data
251-->[com.google.firebase:firebase-firestore:24.0.1] AndroidManifest.xml:20:13-22:85
252                android:name="com.google.firebase.components:com.google.firebase.firestore.FirestoreRegistrar"
252-->[com.google.firebase:firebase-firestore:24.0.1] AndroidManifest.xml:21:17-111
253                android:value="com.google.firebase.components.ComponentRegistrar" />
253-->[com.google.firebase:firebase-firestore:24.0.1] AndroidManifest.xml:22:17-82
254            <meta-data
254-->[com.google.firebase:firebase-auth:21.0.1] AndroidManifest.xml:77:13-79:85
255                android:name="com.google.firebase.components:com.google.firebase.auth.FirebaseAuthRegistrar"
255-->[com.google.firebase:firebase-auth:21.0.1] AndroidManifest.xml:78:17-109
256                android:value="com.google.firebase.components.ComponentRegistrar" />
256-->[com.google.firebase:firebase-auth:21.0.1] AndroidManifest.xml:79:17-82
257            <meta-data
257-->[com.google.firebase:firebase-messaging:23.0.0] AndroidManifest.xml:52:13-54:85
258                android:name="com.google.firebase.components:com.google.firebase.messaging.FirebaseMessagingRegistrar"
258-->[com.google.firebase:firebase-messaging:23.0.0] AndroidManifest.xml:53:17-119
259                android:value="com.google.firebase.components.ComponentRegistrar" />
259-->[com.google.firebase:firebase-messaging:23.0.0] AndroidManifest.xml:54:17-82
260            <meta-data
260-->[com.google.firebase:firebase-crashlytics:18.2.7] AndroidManifest.xml:18:13-20:85
261                android:name="com.google.firebase.components:com.google.firebase.crashlytics.CrashlyticsRegistrar"
261-->[com.google.firebase:firebase-crashlytics:18.2.7] AndroidManifest.xml:19:17-115
262                android:value="com.google.firebase.components.ComponentRegistrar" />
262-->[com.google.firebase:firebase-crashlytics:18.2.7] AndroidManifest.xml:20:17-82
263            <meta-data
263-->[com.google.firebase:firebase-storage:20.0.0] AndroidManifest.xml:33:13-35:85
264                android:name="com.google.firebase.components:com.google.firebase.storage.StorageRegistrar"
264-->[com.google.firebase:firebase-storage:20.0.0] AndroidManifest.xml:34:17-107
265                android:value="com.google.firebase.components.ComponentRegistrar" />
265-->[com.google.firebase:firebase-storage:20.0.0] AndroidManifest.xml:35:17-82
266            <meta-data
266-->[com.google.firebase:firebase-datatransport:18.0.0] AndroidManifest.xml:28:13-30:85
267                android:name="com.google.firebase.components:com.google.firebase.datatransport.TransportRegistrar"
267-->[com.google.firebase:firebase-datatransport:18.0.0] AndroidManifest.xml:29:17-115
268                android:value="com.google.firebase.components.ComponentRegistrar" />